-------------------------------------------------------------------------------
Test set: com.library.BorrowServiceTest
-------------------------------------------------------------------------------
Tests run: 4, Failures: 0, Errors: 4, Skipped: 0, Time elapsed: 0.441 s <<< FAILURE! -- in com.library.BorrowServiceTest
com.library.BorrowServiceTest.testBorrowBookStudentNotFound -- Time elapsed: 0.078 s <<< ERROR!
java.lang.NullPointerException: Cannot invoke "com.library.dao.StudentDAO.getStudentById(int)" because "this.studentDAO" is null
	at com.library.service.BorrowService.borrowBook(BorrowService.java:27)
	at com.library.BorrowServiceTest.testBorrowBookStudentNotFound(BorrowServiceTest.java:62)
	at java.base/java.lang.reflect.Method.invoke(Method.java:580)
	at java.base/java.util.ArrayList.forEach(ArrayList.java:1596)
	at java.base/java.util.ArrayList.forEach(ArrayList.java:1596)

com.library.BorrowServiceTest.testBorrowBookNotAvailable -- Time elapsed: 0.090 s <<< ERROR!
java.lang.NullPointerException: Cannot invoke "com.library.dao.StudentDAO.getStudentById(int)" because "this.studentDAO" is null
	at com.library.service.BorrowService.borrowBook(BorrowService.java:27)
	at com.library.BorrowServiceTest.testBorrowBookNotAvailable(BorrowServiceTest.java:56)
	at java.base/java.lang.reflect.Method.invoke(Method.java:580)
	at java.base/java.util.ArrayList.forEach(ArrayList.java:1596)
	at java.base/java.util.ArrayList.forEach(ArrayList.java:1596)

com.library.BorrowServiceTest.testReturnBook -- Time elapsed: 0.144 s <<< ERROR!
java.lang.NullPointerException: Cannot invoke "com.library.dao.StudentDAO.getStudentById(int)" because "this.studentDAO" is null
	at com.library.service.BorrowService.borrowBook(BorrowService.java:27)
	at com.library.BorrowServiceTest.testReturnBook(BorrowServiceTest.java:49)
	at java.base/java.lang.reflect.Method.invoke(Method.java:580)
	at java.base/java.util.ArrayList.forEach(ArrayList.java:1596)
	at java.base/java.util.ArrayList.forEach(ArrayList.java:1596)

com.library.BorrowServiceTest.testBorrowBook -- Time elapsed: 0.106 s <<< ERROR!
java.lang.NullPointerException: Cannot invoke "com.library.dao.StudentDAO.getStudentById(int)" because "this.studentDAO" is null
	at com.library.service.BorrowService.borrowBook(BorrowService.java:27)
	at com.library.BorrowServiceTest.testBorrowBook(BorrowServiceTest.java:43)
	at java.base/java.lang.reflect.Method.invoke(Method.java:580)
	at java.base/java.util.ArrayList.forEach(ArrayList.java:1596)
	at java.base/java.util.ArrayList.forEach(ArrayList.java:1596)

