<?xml version="1.0" encoding="UTF-8"?>
<testsuite xmlns:xsi="http://www.w3.org/2001/XMLSchema-instance" xsi:noNamespaceSchemaLocation="https://maven.apache.org/surefire/maven-surefire-plugin/xsd/surefire-test-report-3.0.xsd" version="3.0" name="com.library.BorrowServiceTest" time="0.441" tests="4" errors="4" skipped="0" failures="0">
  <properties>
[...]
</properties>
  <testcase name="testBorrowBookStudentNotFound" classname="com.library.BorrowServiceTest" time="0.078">
    <error message="Cannot invoke &quot;com.library.dao.StudentDAO.getStudentById(int)&quot; because &quot;this.studentDAO&quot; is null" type="java.lang.NullPointerException"><![CDATA[java.lang.NullPointerException: Cannot invoke "com.library.dao.StudentDAO.getStudentById(int)" because "this.studentDAO" is null
	at com.library.service.BorrowService.borrowBook(BorrowService.java:27)
	at com.library.BorrowServiceTest.testBorrowBookStudentNotFound(BorrowServiceTest.java:62)
	at java.base/java.lang.reflect.Method.invoke(Method.java:580)
	at java.base/java.util.ArrayList.forEach(ArrayList.java:1596)
	at java.base/java.util.ArrayList.forEach(ArrayList.java:1596)
]]></error>
    <system-out><![CDATA[Livre inséré avec succès !
Livre inséré avec succès !
]]></system-out>
  </testcase>
  <testcase name="testBorrowBookNotAvailable" classname="com.library.BorrowServiceTest" time="0.09">
    <error message="Cannot invoke &quot;com.library.dao.StudentDAO.getStudentById(int)&quot; because &quot;this.studentDAO&quot; is null" type="java.lang.NullPointerException"><![CDATA[java.lang.NullPointerException: Cannot invoke "com.library.dao.StudentDAO.getStudentById(int)" because "this.studentDAO" is null
	at com.library.service.BorrowService.borrowBook(BorrowService.java:27)
	at com.library.BorrowServiceTest.testBorrowBookNotAvailable(BorrowServiceTest.java:56)
	at java.base/java.lang.reflect.Method.invoke(Method.java:580)
	at java.base/java.util.ArrayList.forEach(ArrayList.java:1596)
	at java.base/java.util.ArrayList.forEach(ArrayList.java:1596)
]]></error>
    <system-out><![CDATA[Livre inséré avec succès !
Livre inséré avec succès !
]]></system-out>
  </testcase>
  <testcase name="testReturnBook" classname="com.library.BorrowServiceTest" time="0.144">
    <error message="Cannot invoke &quot;com.library.dao.StudentDAO.getStudentById(int)&quot; because &quot;this.studentDAO&quot; is null" type="java.lang.NullPointerException"><![CDATA[java.lang.NullPointerException: Cannot invoke "com.library.dao.StudentDAO.getStudentById(int)" because "this.studentDAO" is null
	at com.library.service.BorrowService.borrowBook(BorrowService.java:27)
	at com.library.BorrowServiceTest.testReturnBook(BorrowServiceTest.java:49)
	at java.base/java.lang.reflect.Method.invoke(Method.java:580)
	at java.base/java.util.ArrayList.forEach(ArrayList.java:1596)
	at java.base/java.util.ArrayList.forEach(ArrayList.java:1596)
]]></error>
    <system-out><![CDATA[Livre inséré avec succès !
Livre inséré avec succès !
]]></system-out>
  </testcase>
  <testcase name="testBorrowBook" classname="com.library.BorrowServiceTest" time="0.106">
    <error message="Cannot invoke &quot;com.library.dao.StudentDAO.getStudentById(int)&quot; because &quot;this.studentDAO&quot; is null" type="java.lang.NullPointerException"><![CDATA[java.lang.NullPointerException: Cannot invoke "com.library.dao.StudentDAO.getStudentById(int)" because "this.studentDAO" is null
	at com.library.service.BorrowService.borrowBook(BorrowService.java:27)
	at com.library.BorrowServiceTest.testBorrowBook(BorrowServiceTest.java:43)
	at java.base/java.lang.reflect.Method.invoke(Method.java:580)
	at java.base/java.util.ArrayList.forEach(ArrayList.java:1596)
	at java.base/java.util.ArrayList.forEach(ArrayList.java:1596)
]]></error>
    <system-out><![CDATA[Livre inséré avec succès !
Livre inséré avec succès !
]]></system-out>
  </testcase>
</testsuite>